# JRE version: Java(TM) SE Runtime Environment (17.0.12+8) (build 17.0.12+8-LTS-286)
# Java VM: Java HotSpot(TM) 64-Bit Server VM (17.0.12+8-LTS-286, mixed mode, sharing, tiered, compressed oops, compressed class ptrs, g1 gc, windows-amd64)
GC Precious Log:
 CPUs: 20 total, 20 available
 Memory: 16192M
 Large Page Support: Disabled
 NUMA Support: Disabled
 Compressed Oops: Enabled (32-bit)
 Heap Region Size: 1M
 Heap Min Capacity: 256M
 Heap Initial Capacity: 256M
 Heap Max Capacity: 512M
 Pre-touch: Disabled
 Parallel Workers: 15
 Concurrent Workers: 4
 Concurrent Refinement Workers: 15
 Periodic GC: Disabled
Heap:
 garbage-first heap   total 262144K, used 139325K [0x00000000e0000000, 0x0000000100000000)
  region size 1024K, 46 young (47104K), 12 survivors (12288K)
 Metaspace       used 78467K, committed 79296K, reserved 458752K
  class space    used 10486K, committed 10880K, reserved 327680K
GC Heap History (20 events):
Event: 7.535 GC heap before
{Heap before GC invocations=11 (full 0):
 garbage-first heap   total 262144K, used 200311K [0x00000000e0000000, 0x0000000100000000)
  region size 1024K, 147 young (150528K), 9 survivors (9216K)
 Metaspace       used 71746K, committed 72384K, reserved 393216K
  class space    used 9861K, committed 10112K, reserved 327680K
}
Event: 7.545 GC heap after
{Heap after GC invocations=12 (full 0):
 garbage-first heap   total 262144K, used 86190K [0x00000000e0000000, 0x0000000100000000)
  region size 1024K, 19 young (19456K), 19 survivors (19456K)
 Metaspace       used 71746K, committed 72384K, reserved 393216K
  class space    used 9861K, committed 10112K, reserved 327680K
}
Event: 9.155 GC heap before
{Heap before GC invocations=12 (full 0):
 garbage-first heap   total 262144K, used 195758K [0x00000000e0000000, 0x0000000100000000)
  region size 1024K, 127 young (130048K), 19 survivors (19456K)
 Metaspace       used 76165K, committed 76928K, reserved 458752K
  class space    used 10418K, committed 10816K, reserved 327680K
}
Event: 9.162 GC heap after
{Heap after GC invocations=13 (full 0):
 garbage-first heap   total 262144K, used 92498K [0x00000000e0000000, 0x0000000100000000)
  region size 1024K, 7 young (7168K), 7 survivors (7168K)
 Metaspace       used 76165K, committed 76928K, reserved 458752K
  class space    used 10418K, committed 10816K, reserved 327680K
}
Event: 9.654 GC heap before
{Heap before GC invocations=13 (full 0):
 garbage-first heap   total 262144K, used 201042K [0x00000000e0000000, 0x0000000100000000)
  region size 1024K, 113 young (115712K), 7 survivors (7168K)
 Metaspace       used 76807K, committed 77568K, reserved 458752K
  class space    used 10422K, committed 10816K, reserved 327680K
}
Event: 9.659 GC heap after
{Heap after GC invocations=14 (full 0):
 garbage-first heap   total 262144K, used 103618K [0x00000000e0000000, 0x0000000100000000)
  region size 1024K, 15 young (15360K), 15 survivors (15360K)
 Metaspace       used 76807K, committed 77568K, reserved 458752K
  class space    used 10422K, committed 10816K, reserved 327680K
}
Event: 163.426 GC heap before
{Heap before GC invocations=14 (full 0):
 garbage-first heap   total 262144K, used 201922K [0x00000000e0000000, 0x0000000100000000)
  region size 1024K, 112 young (114688K), 15 survivors (15360K)
 Metaspace       used 77389K, committed 78208K, reserved 458752K
  class space    used 10463K, committed 10880K, reserved 327680K
}
Event: 163.431 GC heap after
{Heap after GC invocations=15 (full 0):
 garbage-first heap   total 262144K, used 102245K [0x00000000e0000000, 0x0000000100000000)
  region size 1024K, 10 young (10240K), 10 survivors (10240K)
 Metaspace       used 77389K, committed 78208K, reserved 458752K
  class space    used 10463K, committed 10880K, reserved 327680K
}
Event: 176.829 GC heap before
{Heap before GC invocations=15 (full 0):
 garbage-first heap   total 262144K, used 204645K [0x00000000e0000000, 0x0000000100000000)
  region size 1024K, 110 young (112640K), 10 survivors (10240K)
 Metaspace       used 77708K, committed 78592K, reserved 458752K
  class space    used 10469K, committed 10880K, reserved 327680K
}
Event: 176.831 GC heap after
{Heap after GC invocations=16 (full 0):
 garbage-first heap   total 262144K, used 98664K [0x00000000e0000000, 0x0000000100000000)
  region size 1024K, 5 young (5120K), 5 survivors (5120K)
 Metaspace       used 77708K, committed 78592K, reserved 458752K
  class space    used 10469K, committed 10880K, reserved 327680K
}
Event: 177.178 GC heap before
{Heap before GC invocations=16 (full 0):
 garbage-first heap   total 262144K, used 208232K [0x00000000e0000000, 0x0000000100000000)
  region size 1024K, 112 young (114688K), 5 survivors (5120K)
 Metaspace       used 77837K, committed 78720K, reserved 458752K
  class space    used 10470K, committed 10880K, reserved 327680K
}
Event: 177.181 GC heap after
{Heap after GC invocations=17 (full 0):
 garbage-first heap   total 262144K, used 103479K [0x00000000e0000000, 0x0000000100000000)
  region size 1024K, 10 young (10240K), 10 survivors (10240K)
 Metaspace       used 77837K, committed 78720K, reserved 458752K
  class space    used 10470K, committed 10880K, reserved 327680K
}
Event: 191.704 GC heap before
{Heap before GC invocations=17 (full 0):
 garbage-first heap   total 262144K, used 207927K [0x00000000e0000000, 0x0000000100000000)
  region size 1024K, 113 young (115712K), 10 survivors (10240K)
 Metaspace       used 77966K, committed 78784K, reserved 458752K
  class space    used 10472K, committed 10880K, reserved 327680K
}
Event: 191.707 GC heap after
{Heap after GC invocations=18 (full 0):
 garbage-first heap   total 262144K, used 105381K [0x00000000e0000000, 0x0000000100000000)
  region size 1024K, 12 young (12288K), 12 survivors (12288K)
 Metaspace       used 77966K, committed 78784K, reserved 458752K
  class space    used 10472K, committed 10880K, reserved 327680K
}
Event: 239.541 GC heap before
{Heap before GC invocations=18 (full 0):
 garbage-first heap   total 262144K, used 206757K [0x00000000e0000000, 0x0000000100000000)
  region size 1024K, 111 young (113664K), 12 survivors (12288K)
 Metaspace       used 78171K, committed 79040K, reserved 458752K
  class space    used 10482K, committed 10880K, reserved 327680K
}
Event: 239.543 GC heap after
{Heap after GC invocations=19 (full 0):
 garbage-first heap   total 262144K, used 101513K [0x00000000e0000000, 0x0000000100000000)
  region size 1024K, 7 young (7168K), 7 survivors (7168K)
 Metaspace       used 78171K, committed 79040K, reserved 458752K
  class space    used 10482K, committed 10880K, reserved 327680K
}
Event: 1080.862 GC heap before
{Heap before GC invocations=19 (full 0):
 garbage-first heap   total 262144K, used 209033K [0x00000000e0000000, 0x0000000100000000)
  region size 1024K, 112 young (114688K), 7 survivors (7168K)
 Metaspace       used 78320K, committed 79168K, reserved 458752K
  class space    used 10485K, committed 10880K, reserved 327680K
}
Event: 1080.863 GC heap after
{Heap after GC invocations=20 (full 0):
 garbage-first heap   total 262144K, used 94806K [0x00000000e0000000, 0x0000000100000000)
  region size 1024K, 1 young (1024K), 1 survivors (1024K)
 Metaspace       used 78320K, committed 79168K, reserved 458752K
  class space    used 10485K, committed 10880K, reserved 327680K
}
Event: 1389.609 GC heap before
{Heap before GC invocations=20 (full 0):
 garbage-first heap   total 262144K, used 211542K [0x00000000e0000000, 0x0000000100000000)
  region size 1024K, 116 young (118784K), 1 survivors (1024K)
 Metaspace       used 78451K, committed 79296K, reserved 458752K
  class space    used 10486K, committed 10880K, reserved 327680K
}
Event: 1389.612 GC heap after
{Heap after GC invocations=21 (full 0):
 garbage-first heap   total 262144K, used 106557K [0x00000000e0000000, 0x0000000100000000)
  region size 1024K, 12 young (12288K), 12 survivors (12288K)
 Metaspace       used 78451K, committed 79296K, reserved 458752K
  class space    used 10486K, committed 10880K, reserved 327680K
}

